launcher/build/intermediates/manifest_merge_blame_file/debug/manifest-merger-blame-debug-report.txt
1<?xml version="1.0" encoding="utf-8"?>
2<!-- GENERATED BY UNITY. REMOVE THIS COMMENT TO PREVENT OVERWRITING WHEN EXPORTING AGAIN -->
3<manifest xmlns:android="http://schemas.android.com/apk/res/android"
4    package="com.DefaultCompany.ARlarm_U"
5    android:installLocation="preferExternal"
6    android:versionCode="1"
7    android:versionName="0.1" >
8
9    <uses-sdk
10        android:minSdkVersion="24"
10-->src/main/AndroidManifest.xml
11        android:targetSdkVersion="29" />
11-->src/main/AndroidManifest.xml
12
13    <supports-screens
13-->src/main/AndroidManifest.xml:4:3-163
14        android:anyDensity="true"
14-->src/main/AndroidManifest.xml:4:135-160
15        android:largeScreens="true"
15-->src/main/AndroidManifest.xml:4:78-105
16        android:normalScreens="true"
16-->src/main/AndroidManifest.xml:4:49-77
17        android:smallScreens="true"
17-->src/main/AndroidManifest.xml:4:21-48
18        android:xlargeScreens="true" />
18-->src/main/AndroidManifest.xml:4:106-134
19
20    <uses-permission android:name="android.permission.FOREGROUND_SERVICE" />
20-->[:unityLibrary] AndroidManifest.xml:13:5-77
20-->[:unityLibrary] AndroidManifest.xml:13:22-74
21    <uses-permission android:name="android.permission.ACCESS_FINE_LOCATION" />
21-->[:unityLibrary] AndroidManifest.xml:14:5-79
21-->[:unityLibrary] AndroidManifest.xml:14:22-76
22    <uses-permission android:name="android.permission.ACCESS_COARSE_LOCATION" />
22-->[:unityLibrary] AndroidManifest.xml:15:5-81
22-->[:unityLibrary] AndroidManifest.xml:15:22-78
23    <uses-permission android:name="android.permission.INTERNET" />
23-->[:unityLibrary] AndroidManifest.xml:16:5-67
23-->[:unityLibrary] AndroidManifest.xml:16:22-64
24    <uses-permission android:name="android.permission.SYSTEM_ALERT_WINDOW" />
24-->[:unityLibrary] AndroidManifest.xml:17:5-78
24-->[:unityLibrary] AndroidManifest.xml:17:22-75
25    <uses-permission android:name="android.permission.START_ACTIVITIES_FROM_BACKGROUND" />
25-->[:unityLibrary] AndroidManifest.xml:18:5-91
25-->[:unityLibrary] AndroidManifest.xml:18:22-88
26    <uses-permission android:name="android.permission.CAMERA" />
26-->[:unityLibrary] AndroidManifest.xml:19:5-65
26-->[:unityLibrary] AndroidManifest.xml:19:22-62
27
28    <uses-feature android:glEsVersion="0x00020000" />
28-->[:unityLibrary] AndroidManifest.xml:21:5-54
28-->[:unityLibrary] AndroidManifest.xml:21:19-51
29
30    <uses-permission android:name="android.permission.CAMERA" />
30-->[:unityLibrary] AndroidManifest.xml:19:5-65
30-->[:unityLibrary] AndroidManifest.xml:19:22-62
31    <uses-permission android:name="android.permission.INTERNET" />
31-->[:unityLibrary] AndroidManifest.xml:16:5-67
31-->[:unityLibrary] AndroidManifest.xml:16:22-64
32    <uses-permission android:name="android.permission.CHANGE_WIFI_MULTICAST_STATE" />
32-->[:unityLibrary] AndroidManifest.xml:25:5-86
32-->[:unityLibrary] AndroidManifest.xml:25:22-83
33
34    <uses-feature
34-->[:unityLibrary] AndroidManifest.xml:27:5-29:36
35        android:name="android.hardware.touchscreen"
35-->[:unityLibrary] AndroidManifest.xml:28:9-52
36        android:required="false" />
36-->[:unityLibrary] AndroidManifest.xml:29:9-33
37    <uses-feature
37-->[:unityLibrary] AndroidManifest.xml:30:5-32:36
38        android:name="android.hardware.touchscreen.multitouch"
38-->[:unityLibrary] AndroidManifest.xml:31:9-63
39        android:required="false" />
39-->[:unityLibrary] AndroidManifest.xml:32:9-33
40    <uses-feature
40-->[:unityLibrary] AndroidManifest.xml:33:5-35:36
41        android:name="android.hardware.touchscreen.multitouch.distinct"
41-->[:unityLibrary] AndroidManifest.xml:34:9-72
42        android:required="false" />
42-->[:unityLibrary] AndroidManifest.xml:35:9-33
43    <uses-feature
43-->[:google_ar_required:] AndroidManifest.xml:9:5-11:35
44        android:name="android.hardware.camera.ar"
44-->[:google_ar_required:] AndroidManifest.xml:10:9-50
45        android:required="true" />
45-->[:google_ar_required:] AndroidManifest.xml:11:9-32
46
47    <application
47-->src/main/AndroidManifest.xml:5:3-109
48        android:appComponentFactory="androidx.core.app.CoreComponentFactory"
48-->[androidx.core:core:1.1.0] AndroidManifest.xml:24:18-86
49        android:debuggable="true"
50        android:extractNativeLibs="false"
51        android:icon="@mipmap/app_icon"
51-->src/main/AndroidManifest.xml:5:49-80
52        android:label="@string/app_name"
52-->src/main/AndroidManifest.xml:5:16-48
53        android:supportsRtl="true"
53-->src/main/AndroidManifest.xml:5:81-107
54        android:testOnly="true" >
55        <activity
55-->[:unityLibrary] AndroidManifest.xml:38:9-50:20
56            android:name="com.unity3d.player.UnityPlayerActivity"
56-->[:unityLibrary] AndroidManifest.xml:39:13-66
57            android:configChanges="mcc|mnc|locale|touchscreen|keyboard|keyboardHidden|navigation|orientation|screenLayout|uiMode|screenSize|smallestScreenSize|fontScale|layoutDirection|density"
57-->[:unityLibrary] AndroidManifest.xml:40:13-194
58            android:hardwareAccelerated="false"
58-->[:unityLibrary] AndroidManifest.xml:41:13-48
59            android:launchMode="singleTask"
59-->[:unityLibrary] AndroidManifest.xml:42:13-44
60            android:noHistory="true"
60-->[:unityLibrary] AndroidManifest.xml:43:13-37
61            android:process=":unityplayer"
61-->[:unityLibrary] AndroidManifest.xml:44:13-43
62            android:screenOrientation="sensorPortrait"
62-->[:unityLibrary] AndroidManifest.xml:45:13-55
63            android:theme="@style/UnityThemeSelector" >
63-->[:unityLibrary] AndroidManifest.xml:46:13-54
64            <meta-data
64-->[:unityLibrary] AndroidManifest.xml:47:13-49:40
65                android:name="unityplayer.UnityActivity"
65-->[:unityLibrary] AndroidManifest.xml:48:17-57
66                android:value="true" />
66-->[:unityLibrary] AndroidManifest.xml:49:17-37
67        </activity>
68        <activity
68-->[:unityLibrary] AndroidManifest.xml:51:9-54:57
69            android:name="com.unity3d.player.AlarmSetActivity"
69-->[:unityLibrary] AndroidManifest.xml:52:13-63
70            android:noHistory="true"
70-->[:unityLibrary] AndroidManifest.xml:53:13-37
71            android:theme="@style/AppThemeNoTitleBar" />
71-->[:unityLibrary] AndroidManifest.xml:54:13-54
72        <activity
72-->[:unityLibrary] AndroidManifest.xml:55:9-57:57
73            android:name="com.unity3d.player.MainActivity"
73-->[:unityLibrary] AndroidManifest.xml:56:13-59
74            android:theme="@style/AppThemeNoTitleBar" />
74-->[:unityLibrary] AndroidManifest.xml:57:13-54
75        <activity
75-->[:unityLibrary] AndroidManifest.xml:58:9-66:20
76            android:name="com.unity3d.player.IntroActivity"
76-->[:unityLibrary] AndroidManifest.xml:59:13-60
77            android:theme="@style/AppThemeNoTitleBar" >
77-->[:unityLibrary] AndroidManifest.xml:60:13-54
78            <intent-filter>
78-->[:unityLibrary] AndroidManifest.xml:61:13-65:29
79                <action android:name="android.intent.action.MAIN" />
79-->[:unityLibrary] AndroidManifest.xml:62:17-69
79-->[:unityLibrary] AndroidManifest.xml:62:25-66
80
81                <category android:name="android.intent.category.LAUNCHER" />
81-->[:unityLibrary] AndroidManifest.xml:64:17-77
81-->[:unityLibrary] AndroidManifest.xml:64:27-74
82            </intent-filter>
83        </activity>
84        <activity
84-->[:unityLibrary] AndroidManifest.xml:67:9-69:57
85            android:name="com.unity3d.player.AlarmActivity"
85-->[:unityLibrary] AndroidManifest.xml:68:13-60
86            android:theme="@style/AppThemeNoTitleBar" />
86-->[:unityLibrary] AndroidManifest.xml:69:13-54
87
88        <receiver
88-->[:unityLibrary] AndroidManifest.xml:71:9-74:40
89            android:name="com.unity3d.player.AlarmReceiver"
89-->[:unityLibrary] AndroidManifest.xml:72:13-60
90            android:enabled="true"
90-->[:unityLibrary] AndroidManifest.xml:73:13-35
91            android:exported="false" />
91-->[:unityLibrary] AndroidManifest.xml:74:13-37
92
93        <service
93-->[:unityLibrary] AndroidManifest.xml:76:9-78:38
94            android:name="com.unity3d.player.AlarmService"
94-->[:unityLibrary] AndroidManifest.xml:77:13-59
95            android:enabled="true" />
95-->[:unityLibrary] AndroidManifest.xml:78:13-35
96
97        <meta-data
97-->[:unityLibrary] AndroidManifest.xml:80:9-82:36
98            android:name="unity.tango-enable"
98-->[:unityLibrary] AndroidManifest.xml:81:13-46
99            android:value="True" />
99-->[:unityLibrary] AndroidManifest.xml:82:13-33
100        <meta-data
100-->[:unityLibrary] AndroidManifest.xml:83:9-85:36
101            android:name="unityplayer.SkipPermissionsDialog"
101-->[:unityLibrary] AndroidManifest.xml:84:13-61
102            android:value="true" />
102-->[:unityLibrary] AndroidManifest.xml:85:13-33
103        <meta-data
103-->[:unityLibrary] AndroidManifest.xml:86:9-88:33
104            android:name="unity.splash-mode"
104-->[:unityLibrary] AndroidManifest.xml:87:13-45
105            android:value="0" />
105-->[:unityLibrary] AndroidManifest.xml:88:13-30
106        <meta-data
106-->[:unityLibrary] AndroidManifest.xml:89:9-91:36
107            android:name="unity.splash-enable"
107-->[:unityLibrary] AndroidManifest.xml:90:13-47
108            android:value="True" />
108-->[:unityLibrary] AndroidManifest.xml:91:13-33
109        <meta-data
109-->[:unityLibrary] AndroidManifest.xml:92:9-94:68
110            android:name="unity.build-id"
110-->[:unityLibrary] AndroidManifest.xml:93:13-42
111            android:value="330e9e1b-c651-4215-a04f-e2f684b6cb79" />
111-->[:unityLibrary] AndroidManifest.xml:94:13-65
112
113        <activity
113-->[gun0912.ted:tedpermission:2.0.0] AndroidManifest.xml:10:9-12:67
114            android:name="com.gun0912.tedpermission.TedPermissionActivity"
114-->[gun0912.ted:tedpermission:2.0.0] AndroidManifest.xml:11:13-75
115            android:theme="@style/Theme.Transparent.Permission" /> <!-- The minimal version code of ARCore APK required for an app using this SDK. -->
115-->[gun0912.ted:tedpermission:2.0.0] AndroidManifest.xml:12:13-64
116        <meta-data
116-->[:arcore_client:] AndroidManifest.xml:33:9-35:41
117            android:name="com.google.ar.core.min_apk_version"
117-->[:arcore_client:] AndroidManifest.xml:34:13-62
118            android:value="191220000" /> <!-- This activity is critical for installing ARCore when it is not already present. -->
118-->[:arcore_client:] AndroidManifest.xml:35:13-38
119        <activity
119-->[:arcore_client:] AndroidManifest.xml:37:9-43:80
120            android:name="com.google.ar.core.InstallActivity"
120-->[:arcore_client:] AndroidManifest.xml:38:13-62
121            android:configChanges="keyboardHidden|orientation|screenSize"
121-->[:arcore_client:] AndroidManifest.xml:39:13-74
122            android:excludeFromRecents="true"
122-->[:arcore_client:] AndroidManifest.xml:40:13-46
123            android:exported="false"
123-->[:arcore_client:] AndroidManifest.xml:41:13-37
124            android:launchMode="singleTop"
124-->[:arcore_client:] AndroidManifest.xml:42:13-43
125            android:theme="@android:style/Theme.Material.Light.Dialog.Alert" />
125-->[:arcore_client:] AndroidManifest.xml:43:13-77
126
127        <meta-data
127-->[:google_ar_required:] AndroidManifest.xml:14:9-16:40
128            android:name="com.google.ar.core"
128-->[:google_ar_required:] AndroidManifest.xml:15:13-46
129            android:value="required" />
129-->[:google_ar_required:] AndroidManifest.xml:16:13-37
130
131        <activity
131-->[com.google.android.gms:play-services-base:15.0.1] AndroidManifest.xml:23:9-26:75
132            android:name="com.google.android.gms.common.api.GoogleApiActivity"
132-->[com.google.android.gms:play-services-base:15.0.1] AndroidManifest.xml:24:13-79
133            android:exported="false"
133-->[com.google.android.gms:play-services-base:15.0.1] AndroidManifest.xml:25:13-37
134            android:theme="@android:style/Theme.Translucent.NoTitleBar" />
134-->[com.google.android.gms:play-services-base:15.0.1] AndroidManifest.xml:26:13-72
135
136        <meta-data
136-->[com.google.android.gms:play-services-basement:15.0.1] AndroidManifest.xml:23:9-25:69
137            android:name="com.google.android.gms.version"
137-->[com.google.android.gms:play-services-basement:15.0.1] AndroidManifest.xml:24:13-58
138            android:value="@integer/google_play_services_version" />
138-->[com.google.android.gms:play-services-basement:15.0.1] AndroidManifest.xml:25:13-66
139    </application>
140
141</manifest>